0 verbose cli /usr/bin/node /usr/bin/npm
1 info using npm@9.2.0
2 info using node@v18.19.0
3 timing npm:load:whichnode Completed in 2ms
4 timing config:load:defaults Completed in 6ms
5 timing config:load:file:/usr/share/nodejs/npm/npmrc Completed in 5ms
6 timing config:load:builtin Completed in 7ms
7 timing config:load:cli Completed in 3ms
8 timing config:load:env Completed in 1ms
9 timing config:load:project Completed in 6ms
10 timing config:load:file:/home/node/.npmrc Completed in 2ms
11 timing config:load:user Completed in 2ms
12 timing config:load:file:/etc/npmrc Completed in 1ms
13 timing config:load:global Completed in 3ms
14 timing config:load:setEnvs Completed in 2ms
15 timing config:load Completed in 30ms
16 timing npm:load:configload Completed in 30ms
17 timing npm:load:mkdirpcache Completed in 6ms
18 timing npm:load:mkdirplogs Completed in 9ms
19 verbose title npm install
20 verbose argv "install"
21 timing npm:load:setTitle Completed in 4ms
22 timing config:load:flatten Completed in 6ms
23 timing npm:load:display Completed in 8ms
24 verbose logfile logs-max:10 dir:/home/node/.npm/_logs/2024-01-23T01_39_59_626Z-
25 verbose logfile /home/node/.npm/_logs/2024-01-23T01_39_59_626Z-debug-0.log
26 timing npm:load:logFile Completed in 57ms
27 timing npm:load:timers Completed in 0ms
28 timing npm:load:configScope Completed in 0ms
29 timing npm:load Completed in 125ms
30 silly logfile done cleaning log files
31 timing config:load:flatten Completed in 2ms
32 timing arborist:ctor Completed in 2ms
33 timing idealTree:init Completed in 202ms
34 timing idealTree:userRequests Completed in 0ms
35 silly idealTree buildDeps
36 timing idealTree:#root Completed in 1ms
37 timing idealTree:buildDeps Completed in 3ms
38 timing idealTree:fixDepFlags Completed in 1ms
39 timing idealTree Completed in 216ms
40 timing arborist:ctor Completed in 0ms
41 timing reify:loadTrees Completed in 435ms
42 timing reify:diffTrees Completed in 90ms
43 silly reify moves {}
44 timing reify:retireShallow Completed in 3ms
45 timing reify:createSparse Completed in 69ms
46 timing reify:loadBundles Completed in 0ms
47 silly audit bulk request {
47 silly audit   '@alloc/quick-lru': [ '5.2.0' ],
47 silly audit   '@isaacs/cliui': [ '8.0.2' ],
47 silly audit   '@jridgewell/gen-mapping': [ '0.3.3' ],
47 silly audit   '@jridgewell/resolve-uri': [ '3.1.1' ],
47 silly audit   '@jridgewell/set-array': [ '1.1.2' ],
47 silly audit   '@jridgewell/sourcemap-codec': [ '1.4.15' ],
47 silly audit   '@jridgewell/trace-mapping': [ '0.3.22' ],
47 silly audit   '@next/env': [ '14.1.0' ],
47 silly audit   '@next/swc-darwin-arm64': [ '14.1.0' ],
47 silly audit   '@next/swc-darwin-x64': [ '14.1.0' ],
47 silly audit   '@next/swc-linux-arm64-gnu': [ '14.1.0' ],
47 silly audit   '@next/swc-linux-arm64-musl': [ '14.1.0' ],
47 silly audit   '@next/swc-linux-x64-gnu': [ '14.1.0' ],
47 silly audit   '@next/swc-linux-x64-musl': [ '14.1.0' ],
47 silly audit   '@next/swc-win32-arm64-msvc': [ '14.1.0' ],
47 silly audit   '@next/swc-win32-ia32-msvc': [ '14.1.0' ],
47 silly audit   '@next/swc-win32-x64-msvc': [ '14.1.0' ],
47 silly audit   '@nodelib/fs.scandir': [ '2.1.5' ],
47 silly audit   '@nodelib/fs.stat': [ '2.0.5' ],
47 silly audit   '@nodelib/fs.walk': [ '1.2.8' ],
47 silly audit   '@pkgjs/parseargs': [ '0.11.0' ],
47 silly audit   '@swc/helpers': [ '0.5.2' ],
47 silly audit   '@types/node': [ '20.11.5' ],
47 silly audit   '@types/prop-types': [ '15.7.11' ],
47 silly audit   '@types/react': [ '18.2.48' ],
47 silly audit   '@types/react-dom': [ '18.2.18' ],
47 silly audit   '@types/scheduler': [ '0.16.8' ],
47 silly audit   'ansi-regex': [ '6.0.1', '5.0.1' ],
47 silly audit   'ansi-styles': [ '6.2.1', '4.3.0' ],
47 silly audit   'any-promise': [ '1.3.0' ],
47 silly audit   anymatch: [ '3.1.3' ],
47 silly audit   arg: [ '5.0.2' ],
47 silly audit   autoprefixer: [ '10.4.17' ],
47 silly audit   'balanced-match': [ '1.0.2' ],
47 silly audit   'binary-extensions': [ '2.2.0' ],
47 silly audit   'brace-expansion': [ '2.0.1' ],
47 silly audit   braces: [ '3.0.2' ],
47 silly audit   browserslist: [ '4.22.2' ],
47 silly audit   busboy: [ '1.6.0' ],
47 silly audit   'camelcase-css': [ '2.0.1' ],
47 silly audit   'caniuse-lite': [ '1.0.30001579' ],
47 silly audit   chokidar: [ '3.5.3' ],
47 silly audit   'glob-parent': [ '5.1.2', '6.0.2' ],
47 silly audit   'client-only': [ '0.0.1' ],
47 silly audit   'color-convert': [ '2.0.1' ],
47 silly audit   'color-name': [ '1.1.4' ],
47 silly audit   commander: [ '4.1.1' ],
47 silly audit   'cross-spawn': [ '7.0.3' ],
47 silly audit   cssesc: [ '3.0.0' ],
47 silly audit   csstype: [ '3.1.3' ],
47 silly audit   didyoumean: [ '1.2.2' ],
47 silly audit   dlv: [ '1.1.3' ],
47 silly audit   eastasianwidth: [ '0.2.0' ],
47 silly audit   'electron-to-chromium': [ '1.4.642' ],
47 silly audit   'emoji-regex': [ '9.2.2', '8.0.0' ],
47 silly audit   escalade: [ '3.1.1' ],
47 silly audit   'fast-glob': [ '3.3.2' ],
47 silly audit   fastq: [ '1.16.0' ],
47 silly audit   'fill-range': [ '7.0.1' ],
47 silly audit   'foreground-child': [ '3.1.1' ],
47 silly audit   'fraction.js': [ '4.3.7' ],
47 silly audit   fsevents: [ '2.3.3' ],
47 silly audit   'function-bind': [ '1.1.2' ],
47 silly audit   glob: [ '10.3.10' ],
47 silly audit   'graceful-fs': [ '4.2.11' ],
47 silly audit   hasown: [ '2.0.0' ],
47 silly audit   'is-binary-path': [ '2.1.0' ],
47 silly audit   'is-core-module': [ '2.13.1' ],
47 silly audit   'is-extglob': [ '2.1.1' ],
47 silly audit   'is-fullwidth-code-point': [ '3.0.0' ],
47 silly audit   'is-glob': [ '4.0.3' ],
47 silly audit   'is-number': [ '7.0.0' ],
47 silly audit   isexe: [ '2.0.0' ],
47 silly audit   jackspeak: [ '2.3.6' ],
47 silly audit   jiti: [ '1.21.0' ],
47 silly audit   'js-tokens': [ '4.0.0' ],
47 silly audit   lilconfig: [ '2.1.0', '3.0.0' ],
47 silly audit   'lines-and-columns': [ '1.2.4' ],
47 silly audit   'loose-envify': [ '1.4.0' ],
47 silly audit   'lru-cache': [ '10.1.0' ],
47 silly audit   merge2: [ '1.4.1' ],
47 silly audit   micromatch: [ '4.0.5' ],
47 silly audit   minimatch: [ '9.0.3' ],
47 silly audit   minipass: [ '7.0.4' ],
47 silly audit   mz: [ '2.7.0' ],
47 silly audit   nanoid: [ '3.3.7' ],
47 silly audit   next: [ '14.1.0' ],
47 silly audit   postcss: [ '8.4.31', '8.4.33' ],
47 silly audit   'node-releases': [ '2.0.14' ],
47 silly audit   'normalize-path': [ '3.0.0' ],
47 silly audit   'normalize-range': [ '0.1.2' ],
47 silly audit   'object-assign': [ '4.1.1' ],
47 silly audit   'object-hash': [ '3.0.0' ],
47 silly audit   'path-key': [ '3.1.1' ],
47 silly audit   'path-parse': [ '1.0.7' ],
47 silly audit   'path-scurry': [ '1.10.1' ],
47 silly audit   picocolors: [ '1.0.0' ],
47 silly audit   picomatch: [ '2.3.1' ],
47 silly audit   pify: [ '2.3.0' ],
47 silly audit   pirates: [ '4.0.6' ],
47 silly audit   'postcss-import': [ '15.1.0' ],
47 silly audit   'postcss-js': [ '4.0.1' ],
47 silly audit   'postcss-load-config': [ '4.0.2' ],
47 silly audit   'postcss-nested': [ '6.0.1' ],
47 silly audit   'postcss-selector-parser': [ '6.0.15' ],
47 silly audit   'postcss-value-parser': [ '4.2.0' ],
47 silly audit   'queue-microtask': [ '1.2.3' ],
47 silly audit   react: [ '18.2.0' ],
47 silly audit   'react-dom': [ '18.2.0' ],
47 silly audit   'read-cache': [ '1.0.0' ],
47 silly audit   readdirp: [ '3.6.0' ],
47 silly audit   resolve: [ '1.22.8' ],
47 silly audit   reusify: [ '1.0.4' ],
47 silly audit   'run-parallel': [ '1.2.0' ],
47 silly audit   scheduler: [ '0.23.0' ],
47 silly audit   'shebang-command': [ '2.0.0' ],
47 silly audit   'shebang-regex': [ '3.0.0' ],
47 silly audit   'signal-exit': [ '4.1.0' ],
47 silly audit   'source-map-js': [ '1.0.2' ],
47 silly audit   streamsearch: [ '1.1.0' ],
47 silly audit   'string-width': [ '5.1.2', '4.2.3' ],
47 silly audit   'strip-ansi': [ '6.0.1', '7.1.0' ],
47 silly audit   'styled-jsx': [ '5.1.1' ],
47 silly audit   sucrase: [ '3.35.0' ],
47 silly audit   'supports-preserve-symlinks-flag': [ '1.0.0' ],
47 silly audit   tailwindcss: [ '3.4.1' ],
47 silly audit   thenify: [ '3.3.1' ],
47 silly audit   'thenify-all': [ '1.6.0' ],
47 silly audit   'to-regex-range': [ '5.0.1' ],
47 silly audit   'ts-interface-checker': [ '0.1.13' ],
47 silly audit   tslib: [ '2.6.2' ],
47 silly audit   typescript: [ '5.3.3' ],
47 silly audit   'undici-types': [ '5.26.5' ],
47 silly audit   'update-browserslist-db': [ '1.0.13' ],
47 silly audit   'util-deprecate': [ '1.0.2' ],
47 silly audit   which: [ '2.0.2' ],
47 silly audit   'wrap-ansi': [ '8.1.0', '7.0.0' ],
47 silly audit   yaml: [ '2.3.4' ]
47 silly audit }
48 verbose reify failed optional dependency /home/node/node_modules/@next/swc-win32-x64-msvc
49 silly reify mark deleted [ '/home/node/node_modules/@next/swc-win32-x64-msvc' ]
50 verbose reify failed optional dependency /home/node/node_modules/@next/swc-win32-ia32-msvc
51 silly reify mark deleted [ '/home/node/node_modules/@next/swc-win32-ia32-msvc' ]
52 verbose reify failed optional dependency /home/node/node_modules/@next/swc-win32-arm64-msvc
53 silly reify mark deleted [ '/home/node/node_modules/@next/swc-win32-arm64-msvc' ]
54 verbose reify failed optional dependency /home/node/node_modules/@next/swc-linux-arm64-musl
55 silly reify mark deleted [ '/home/node/node_modules/@next/swc-linux-arm64-musl' ]
56 verbose reify failed optional dependency /home/node/node_modules/@next/swc-linux-arm64-gnu
57 silly reify mark deleted [ '/home/node/node_modules/@next/swc-linux-arm64-gnu' ]
58 verbose reify failed optional dependency /home/node/node_modules/@next/swc-darwin-arm64
59 silly reify mark deleted [ '/home/node/node_modules/@next/swc-darwin-arm64' ]
60 timing reifyNode:node_modules/@next/swc-win32-x64-msvc Completed in 119ms
61 timing reifyNode:node_modules/@next/swc-win32-ia32-msvc Completed in 121ms
62 timing reifyNode:node_modules/@next/swc-win32-arm64-msvc Completed in 121ms
63 timing reifyNode:node_modules/@next/swc-linux-arm64-musl Completed in 123ms
64 timing reifyNode:node_modules/@next/swc-linux-arm64-gnu Completed in 127ms
65 timing reifyNode:node_modules/@next/swc-darwin-arm64 Completed in 129ms
66 silly tarball no local data for @next/swc-linux-x64-musl@https://registry.npmjs.org/@next/swc-linux-x64-musl/-/swc-linux-x64-musl-14.1.0.tgz. Extracting by manifest.
67 silly tarball no local data for @next/swc-linux-x64-gnu@https://registry.npmjs.org/@next/swc-linux-x64-gnu/-/swc-linux-x64-gnu-14.1.0.tgz. Extracting by manifest.
68 http fetch POST 200 https://registry.npmjs.org/-/npm/v1/security/advisories/bulk 491ms
69 timing auditReport:getReport Completed in 500ms
70 silly audit report {}
71 timing auditReport:init Completed in 0ms
72 timing reify:audit Completed in 506ms
73 http fetch GET 200 https://registry.npmjs.org/@next/swc-linux-x64-gnu/-/swc-linux-x64-gnu-14.1.0.tgz 21261ms (cache miss)
74 timing reifyNode:node_modules/@next/swc-linux-x64-gnu Completed in 21441ms
75 http fetch GET 200 https://registry.npmjs.org/@next/swc-linux-x64-musl/-/swc-linux-x64-musl-14.1.0.tgz 23875ms (cache miss)
76 timing reifyNode:node_modules/@next/swc-linux-x64-musl Completed in 24057ms
77 timing reify:unpack Completed in 24060ms
78 timing reify:unretire Completed in 1ms
79 timing build:queue Completed in 4ms
80 timing build:deps Completed in 5ms
81 timing build Completed in 5ms
82 timing reify:build Completed in 7ms
83 timing reify:trash Completed in 10ms
84 timing reify:save Completed in 50ms
85 timing reify Completed in 24778ms
86 silly ADD
87 silly ADD
88 silly ADD
89 silly ADD node_modules/@next/swc-linux-x64-musl
90 silly ADD node_modules/@next/swc-linux-x64-gnu
91 silly ADD
92 silly ADD
93 silly ADD
94 timing command:install Completed in 24851ms
95 verbose exit 0
96 timing npm Completed in 25035ms
97 info ok
